# JRE version: OpenJDK Runtime Environment (8.0_152-b28) (build 1.8.0_152-release-1343-b28)
# Java VM: OpenJDK 64-Bit Server VM (25.152-b28 mixed mode linux-amd64 compressed oops)
Heap:
 par new generation   total 39296K, used 22105K [0x00000000d1200000, 0x00000000d3ca0000, 0x00000000db860000)
  eden space 34944K,  60% used [0x00000000d1200000, 0x00000000d2692fa0, 0x00000000d3420000)
  from space 4352K,  23% used [0x00000000d3420000, 0x00000000d3523780, 0x00000000d3860000)
  to   space 4352K,   0% used [0x00000000d3860000, 0x00000000d3860000, 0x00000000d3ca0000)
 concurrent mark-sweep generation total 141644K, used 99923K [0x00000000db860000, 0x00000000e42b3000, 0x0000000100000000)
 Metaspace       used 130117K, capacity 136803K, committed 136964K, reserved 1169408K
  class space    used 16730K, capacity 17989K, committed 18108K, reserved 1048576K
GC Heap History (10 events):
Event: 62.289 GC heap before
{Heap before GC invocations=27 (full 6):
 par new generation   total 39296K, used 39296K [0x00000000d1200000, 0x00000000d3ca0000, 0x00000000db860000)
  eden space 34944K, 100% used [0x00000000d1200000, 0x00000000d3420000, 0x00000000d3420000)
  from space 4352K, 100% used [0x00000000d3860000, 0x00000000d3ca0000, 0x00000000d3ca0000)
  to   space 4352K,   0% used [0x00000000d3420000, 0x00000000d3420000, 0x00000000d3860000)
 concurrent mark-sweep generation total 141644K, used 82737K [0x00000000db860000, 0x00000000e42b3000, 0x0000000100000000)
 Metaspace       used 129712K, capacity 136303K, committed 136580K, reserved 1167360K
  class space    used 16716K, capacity 17955K, committed 17980K, reserved 1048576K
Event: 62.313 GC heap after
Heap after GC invocations=28 (full 6):
 par new generation   total 39296K, used 4352K [0x00000000d1200000, 0x00000000d3ca0000, 0x00000000db860000)
  eden space 34944K,   0% used [0x00000000d1200000, 0x00000000d1200000, 0x00000000d3420000)
  from space 4352K, 100% used [0x00000000d3420000, 0x00000000d3860000, 0x00000000d3860000)
  to   space 4352K,   0% used [0x00000000d3860000, 0x00000000d3860000, 0x00000000d3ca0000)
 concurrent mark-sweep generation total 141644K, used 85247K [0x00000000db860000, 0x00000000e42b3000, 0x0000000100000000)
 Metaspace       used 129712K, capacity 136303K, committed 136580K, reserved 1167360K
  class space    used 16716K, capacity 17955K, committed 17980K, reserved 1048576K
}
Event: 63.173 GC heap before
{Heap before GC invocations=28 (full 6):
 par new generation   total 39296K, used 39296K [0x00000000d1200000, 0x00000000d3ca0000, 0x00000000db860000)
  eden space 34944K, 100% used [0x00000000d1200000, 0x00000000d3420000, 0x00000000d3420000)
  from space 4352K, 100% used [0x00000000d3420000, 0x00000000d3860000, 0x00000000d3860000)
  to   space 4352K,   0% used [0x00000000d3860000, 0x00000000d3860000, 0x00000000d3ca0000)
 concurrent mark-sweep generation total 141644K, used 85247K [0x00000000db860000, 0x00000000e42b3000, 0x0000000100000000)
 Metaspace       used 129719K, capacity 136303K, committed 136580K, reserved 1167360K
  class space    used 16716K, capacity 17955K, committed 17980K, reserved 1048576K
Event: 63.202 GC heap after
Heap after GC invocations=29 (full 6):
 par new generation   total 39296K, used 4352K [0x00000000d1200000, 0x00000000d3ca0000, 0x00000000db860000)
  eden space 34944K,   0% used [0x00000000d1200000, 0x00000000d1200000, 0x00000000d3420000)
  from space 4352K, 100% used [0x00000000d3860000, 0x00000000d3ca0000, 0x00000000d3ca0000)
  to   space 4352K,   0% used [0x00000000d3420000, 0x00000000d3420000, 0x00000000d3860000)
 concurrent mark-sweep generation total 141644K, used 87903K [0x00000000db860000, 0x00000000e42b3000, 0x0000000100000000)
 Metaspace       used 129719K, capacity 136303K, committed 136580K, reserved 1167360K
  class space    used 16716K, capacity 17955K, committed 17980K, reserved 1048576K
}
Event: 64.122 GC heap before
{Heap before GC invocations=29 (full 6):
 par new generation   total 39296K, used 39296K [0x00000000d1200000, 0x00000000d3ca0000, 0x00000000db860000)
  eden space 34944K, 100% used [0x00000000d1200000, 0x00000000d3420000, 0x00000000d3420000)
  from space 4352K, 100% used [0x00000000d3860000, 0x00000000d3ca0000, 0x00000000d3ca0000)
  to   space 4352K,   0% used [0x00000000d3420000, 0x00000000d3420000, 0x00000000d3860000)
 concurrent mark-sweep generation total 141644K, used 87903K [0x00000000db860000, 0x00000000e42b3000, 0x0000000100000000)
 Metaspace       used 129757K, capacity 136367K, committed 136580K, reserved 1167360K
  class space    used 16716K, capacity 17955K, committed 17980K, reserved 1048576K
Event: 64.155 GC heap after
Heap after GC invocations=30 (full 6):
 par new generation   total 39296K, used 4352K [0x00000000d1200000, 0x00000000d3ca0000, 0x00000000db860000)
  eden space 34944K,   0% used [0x00000000d1200000, 0x00000000d1200000, 0x00000000d3420000)
  from space 4352K, 100% used [0x00000000d3420000, 0x00000000d3860000, 0x00000000d3860000)
  to   space 4352K,   0% used [0x00000000d3860000, 0x00000000d3860000, 0x00000000d3ca0000)
 concurrent mark-sweep generation total 141644K, used 95597K [0x00000000db860000, 0x00000000e42b3000, 0x0000000100000000)
 Metaspace       used 129757K, capacity 136367K, committed 136580K, reserved 1167360K
  class space    used 16716K, capacity 17955K, committed 17980K, reserved 1048576K
}
Event: 1222.904 GC heap before
{Heap before GC invocations=30 (full 6):
 par new generation   total 39296K, used 39296K [0x00000000d1200000, 0x00000000d3ca0000, 0x00000000db860000)
  eden space 34944K, 100% used [0x00000000d1200000, 0x00000000d3420000, 0x00000000d3420000)
  from space 4352K, 100% used [0x00000000d3420000, 0x00000000d3860000, 0x00000000d3860000)
  to   space 4352K,   0% used [0x00000000d3860000, 0x00000000d3860000, 0x00000000d3ca0000)
 concurrent mark-sweep generation total 141644K, used 95597K [0x00000000db860000, 0x00000000e42b3000, 0x0000000100000000)
 Metaspace       used 130051K, capacity 136671K, committed 136964K, reserved 1169408K
  class space    used 16730K, capacity 17989K, committed 18108K, reserved 1048576K
Event: 1222.916 GC heap after
Heap after GC invocations=31 (full 6):
 par new generation   total 39296K, used 4111K [0x00000000d1200000, 0x00000000d3ca0000, 0x00000000db860000)
  eden space 34944K,   0% used [0x00000000d1200000, 0x00000000d1200000, 0x00000000d3420000)
  from space 4352K,  94% used [0x00000000d3860000, 0x00000000d3c63dd8, 0x00000000d3ca0000)
  to   space 4352K,   0% used [0x00000000d3420000, 0x00000000d3420000, 0x00000000d3860000)
 concurrent mark-sweep generation total 141644K, used 99923K [0x00000000db860000, 0x00000000e42b3000, 0x0000000100000000)
 Metaspace       used 130051K, capacity 136671K, committed 136964K, reserved 1169408K
  class space    used 16730K, capacity 17989K, committed 18108K, reserved 1048576K
}
Event: 2506.875 GC heap before
{Heap before GC invocations=31 (full 6):
 par new generation   total 39296K, used 39055K [0x00000000d1200000, 0x00000000d3ca0000, 0x00000000db860000)
  eden space 34944K, 100% used [0x00000000d1200000, 0x00000000d3420000, 0x00000000d3420000)
  from space 4352K,  94% used [0x00000000d3860000, 0x00000000d3c63dd8, 0x00000000d3ca0000)
  to   space 4352K,   0% used [0x00000000d3420000, 0x00000000d3420000, 0x00000000d3860000)
 concurrent mark-sweep generation total 141644K, used 99923K [0x00000000db860000, 0x00000000e42b3000, 0x0000000100000000)
 Metaspace       used 130096K, capacity 136739K, committed 136964K, reserved 1169408K
  class space    used 16730K, capacity 17989K, committed 18108K, reserved 1048576K
Event: 2506.880 GC heap after
Heap after GC invocations=32 (full 6):
 par new generation   total 39296K, used 1037K [0x00000000d1200000, 0x00000000d3ca0000, 0x00000000db860000)
  eden space 34944K,   0% used [0x00000000d1200000, 0x00000000d1200000, 0x00000000d3420000)
  from space 4352K,  23% used [0x00000000d3420000, 0x00000000d3523780, 0x00000000d3860000)
  to   space 4352K,   0% used [0x00000000d3860000, 0x00000000d3860000, 0x00000000d3ca0000)
 concurrent mark-sweep generation total 141644K, used 99923K [0x00000000db860000, 0x00000000e42b3000, 0x0000000100000000)
 Metaspace       used 130096K, capacity 136739K, committed 136964K, reserved 1169408K
  class space    used 16730K, capacity 17989K, committed 18108K, reserved 1048576K
}

